#
# There is insufficient memory for the Java Runtime Environment to continue.
# Native memory allocation (malloc) failed to allocate 2097152 bytes for AllocateHeap
# Possible reasons:
#   The system is out of physical RAM or swap space
#   The process is running with CompressedOops enabled, and the Java Heap may be blocking the growth of the native heap
# Possible solutions:
#   Reduce memory load on the system
#   Increase physical memory or swap space
#   Check if swap backing store is full
#   Decrease Java heap size (-Xmx/-Xms)
#   Decrease number of Java threads
#   Decrease Java thread stack sizes (-Xss)
#   Set larger code cache with -XX:ReservedCodeCacheSize=
#   JVM is running with Zero Based Compressed Oops mode in which the Java heap is
#     placed in the first 32GB address space. The Java Heap base address is the
#     maximum limit for the native heap growth. Please use -XX:HeapBaseMinAddress
#     to set the Java Heap base and to place the Java Heap above 32GB virtual address.
# This output file may be truncated or incomplete.
#
#  Out of Memory Error (allocation.cpp:44), pid=25656, tid=17444
#
# JRE version: Java(TM) SE Runtime Environment (17.0.11+7) (build 17.0.11+7-LTS-207)
# Java VM: Java HotSpot(TM) 64-Bit Server VM (17.0.11+7-LTS-207, mixed mode, sharing, tiered, compressed oops, compressed class ptrs, g1 gc, windows-amd64)
# No core dump will be written. Minidumps are not enabled by default on client versions of Windows
#

---------------  S U M M A R Y ------------

Command Line: -Dlog4j.log.app=CodeCheckRT-1.0.15 -Dfile.encoding=utf-8 -Dlogback.configurationFile=fixbot-logback.xml -Dlog4j.configurationFile=fixbot-log4j2.xml -Duser.language=zh-cn D:/WeCode/tools/CodeCheckRT-1.0.15/lspServer/fixbot-server-wecode-1.0.15.jar

Host: 12th Gen Intel(R) Core(TM) i7-12700, 20 cores, 31G,  Windows 11 , 64 bit Build 22621 (10.0.22621.3527)
Time: Sat Feb 28 14:48:30 2026  Windows 11 , 64 bit Build 22621 (10.0.22621.3527) elapsed time: 155496.106371 seconds (1d 19h 11m 36s)

---------------  T H R E A D  ---------------

Current thread (0x000002e2f408bde0):  VMThread "VM Thread" [stack: 0x000000ff89300000,0x000000ff89400000] [id=17444]

Stack: [0x000000ff89300000,0x000000ff89400000]
Native frames: (J=compiled Java code, j=interpreted, Vv=VM code, C=native code)
V  [jvm.dll+0x679cca]
V  [jvm.dll+0x7da13d]
V  [jvm.dll+0x7dba83]
V  [jvm.dll+0x7dc0f3]
V  [jvm.dll+0x2449af]
V  [jvm.dll+0xa5e73]
V  [jvm.dll+0x2f2b81]
V  [jvm.dll+0x2eea70]
V  [jvm.dll+0x2d7207]
V  [jvm.dll+0x31a027]
V  [jvm.dll+0x7e09eb]
V  [jvm.dll+0x7e1724]
V  [jvm.dll+0x7e1c3d]
V  [jvm.dll+0x7e2014]
V  [jvm.dll+0x7e20e0]
V  [jvm.dll+0x78a85a]
V  [jvm.dll+0x678bb5]
C  [ucrtbase.dll+0x29333]
C  [KERNEL32.DLL+0x1257d]
C  [ntdll.dll+0x5aa48]

VM_Operation (0x000000ff89eff260): G1CollectFull, mode: safepoint, requested by thread 0x000002e2c46306d0


---------------  P R O C E S S  ---------------

Threads class SMR info:
_java_thread_list=0x000002e2fef2eb70, length=37, elements={
0x000002e2c9d0e790, 0x000002e2f40908f0, 0x000002e2f4091570, 0x000002e2f40ae310,
0x000002e2f40aef90, 0x000002e2f40b0960, 0x000002e2f40b1b30, 0x000002e2f40bccc0,
0x000002e2f7161fe0, 0x000002e2f40c7fd0, 0x000002e2f72abd70, 0x000002e2f72b2290,
0x000002e2f7c9ca50, 0x000002e2f7aae2d0, 0x000002e2fc71c3d0, 0x000002e2fc719640,
0x000002e2fc71b9b0, 0x000002e2fc71c8e0, 0x000002e2fc719130, 0x000002e2fc719b50,
0x000002e2fc71a060, 0x000002e2fc71bec0, 0x000002e2fc71a570, 0x000002e2fc71af90,
0x000002e2fc71b4a0, 0x000002e2c4632020, 0x000002e2c46301c0, 0x000002e2c46357d0,
0x000002e2c462f290, 0x000002e2c4633970, 0x000002e2c4632530, 0x000002e2c4634390,
0x000002e2c462e870, 0x000002e2c462ed80, 0x000002e2c462e360, 0x000002e2fc71aa80,
0x000002e2c46306d0
}

Java Threads: ( => current thread )
  0x000002e2c9d0e790 JavaThread "main" [_thread_blocked, id=45968, stack(0x000000ff88d00000,0x000000ff88e00000)]
  0x000002e2f40908f0 JavaThread "Reference Handler" daemon [_thread_blocked, id=4940, stack(0x000000ff89400000,0x000000ff89500000)]
  0x000002e2f4091570 JavaThread "Finalizer" daemon [_thread_blocked, id=52468, stack(0x000000ff89500000,0x000000ff89600000)]
  0x000002e2f40ae310 JavaThread "Signal Dispatcher" daemon [_thread_blocked, id=28160, stack(0x000000ff89600000,0x000000ff89700000)]
  0x000002e2f40aef90 JavaThread "Attach Listener" daemon [_thread_blocked, id=58944, stack(0x000000ff89700000,0x000000ff89800000)]
  0x000002e2f40b0960 JavaThread "Service Thread" daemon [_thread_blocked, id=46304, stack(0x000000ff89800000,0x000000ff89900000)]
  0x000002e2f40b1b30 JavaThread "Monitor Deflation Thread" daemon [_thread_blocked, id=27172, stack(0x000000ff89900000,0x000000ff89a00000)]
  0x000002e2f40bccc0 JavaThread "C2 CompilerThread0" daemon [_thread_blocked, id=54924, stack(0x000000ff89a00000,0x000000ff89b00000)]
  0x000002e2f7161fe0 JavaThread "C1 CompilerThread0" daemon [_thread_blocked, id=52240, stack(0x000000ff89b00000,0x000000ff89c00000)]
  0x000002e2f40c7fd0 JavaThread "Sweeper thread" daemon [_thread_blocked, id=18800, stack(0x000000ff89c00000,0x000000ff89d00000)]
  0x000002e2f72abd70 JavaThread "Notification Thread" daemon [_thread_blocked, id=30888, stack(0x000000ff89f00000,0x000000ff8a000000)]
  0x000002e2f72b2290 JavaThread "Common-Cleaner" daemon [_thread_blocked, id=48436, stack(0x000000ff8a100000,0x000000ff8a200000)]
  0x000002e2f7c9ca50 JavaThread "FixBotCodeCheckInterceptor-Thread" daemon [_thread_blocked, id=48860, stack(0x000000ff8b000000,0x000000ff8b100000)]
  0x000002e2f7aae2d0 JavaThread "FileCheckTask-Schedule-Thread" daemon [_thread_blocked, id=43600, stack(0x000000ff8b100000,0x000000ff8b200000)]
  0x000002e2fc71c3d0 JavaThread "json-rpc-pool-0" [_thread_in_native, id=47308, stack(0x000000ff8b700000,0x000000ff8b800000)]
  0x000002e2fc719640 JavaThread "pool-3-thread-1" [_thread_blocked, id=58564, stack(0x000000ff8b800000,0x000000ff8b900000)]
  0x000002e2fc71b9b0 JavaThread "common-bus-0" [_thread_blocked, id=55172, stack(0x000000ff8bf00000,0x000000ff8c000000)]
  0x000002e2fc71c8e0 JavaThread "common-bus-1" [_thread_blocked, id=39916, stack(0x000000ff8c000000,0x000000ff8c100000)]
  0x000002e2fc719130 JavaThread "HttpClient-1-SelectorManager" daemon [_thread_in_native, id=22216, stack(0x000000ff8c100000,0x000000ff8c200000)]
  0x000002e2fc719b50 JavaThread "pool-6-thread-1" [_thread_blocked, id=2936, stack(0x000000ff8c200000,0x000000ff8c300000)]
  0x000002e2fc71a060 JavaThread "pool-9-thread-1" [_thread_blocked, id=22196, stack(0x000000ff8c300000,0x000000ff8c400000)]
  0x000002e2fc71bec0 JavaThread "common-bus-2" [_thread_blocked, id=50484, stack(0x000000ff8c400000,0x000000ff8c500000)]
  0x000002e2fc71a570 JavaThread "common-bus-3" [_thread_blocked, id=40432, stack(0x000000ff8c500000,0x000000ff8c600000)]
  0x000002e2fc71af90 JavaThread "pool-10-thread-1" [_thread_blocked, id=61472, stack(0x000000ff8c600000,0x000000ff8c700000)]
  0x000002e2fc71b4a0 JavaThread "traceid-scheduled-cleaner" daemon [_thread_blocked, id=61516, stack(0x000000ff8c800000,0x000000ff8c900000)]
  0x000002e2c4632020 JavaThread "pool-11-thread-1" [_thread_blocked, id=9468, stack(0x000000ff8bb00000,0x000000ff8bc00000)]
  0x000002e2c46301c0 JavaThread "codecheck1" [_thread_blocked, id=8928, stack(0x000000ff8b200000,0x000000ff8b300000)]
  0x000002e2c46357d0 JavaThread "codecheck2" [_thread_blocked, id=3320, stack(0x000000ff8be00000,0x000000ff8bf00000)]
  0x000002e2c462f290 JavaThread "ForkJoinPool.commonPool-worker-2165" daemon [_thread_blocked, id=50576, stack(0x000000ff88a00000,0x000000ff88b00000)]
  0x000002e2c4633970 JavaThread "ForkJoinPool.commonPool-worker-2166" daemon [_thread_blocked, id=14344, stack(0x000000ff88c00000,0x000000ff88d00000)]
  0x000002e2c4632530 JavaThread "codecheck3" [_thread_blocked, id=43348, stack(0x000000ff89d00000,0x000000ff89e00000)]
  0x000002e2c4634390 JavaThread "ForkJoinPool.commonPool-worker-2168" daemon [_thread_blocked, id=49824, stack(0x000000ff8bd00000,0x000000ff8be00000)]
  0x000002e2c462e870 JavaThread "ForkJoinPool.commonPool-worker-2170" daemon [_thread_blocked, id=45512, stack(0x000000ff8bc00000,0x000000ff8bd00000)]
  0x000002e2c462ed80 JavaThread "ForkJoinPool.commonPool-worker-2171" daemon [_thread_blocked, id=49388, stack(0x000000ff8c700000,0x000000ff8c800000)]
  0x000002e2c462e360 JavaThread "ForkJoinPool.commonPool-worker-2172" daemon [_thread_blocked, id=58952, stack(0x000000ff8ba00000,0x000000ff8bb00000)]
  0x000002e2fc71aa80 JavaThread "ForkJoinPool-1-worker-130" daemon [_thread_blocked, id=34500, stack(0x000000ff88b00000,0x000000ff88c00000)]
  0x000002e2c46306d0 JavaThread "ForkJoinPool-1-worker-131" daemon [_thread_blocked, id=55452, stack(0x000000ff89e00000,0x000000ff89f00000)]

Other Threads:
=>0x000002e2f408bde0 VMThread "VM Thread" [stack: 0x000000ff89300000,0x000000ff89400000] [id=17444]
  0x000002e2f3ee8490 WatcherThread [stack: 0x000000ff8a000000,0x000000ff8a100000] [id=51928]
  0x000002e2c9dbdbf0 GCTaskThread "GC Thread#0" [stack: 0x000000ff88e00000,0x000000ff88f00000] [id=52040]
  0x000002e2f7970760 GCTaskThread "GC Thread#1" [stack: 0x000000ff8a500000,0x000000ff8a600000] [id=58060]
  0x000002e2f7978470 GCTaskThread "GC Thread#2" [stack: 0x000000ff8a600000,0x000000ff8a700000] [id=29740]
  0x000002e2f7c53970 GCTaskThread "GC Thread#3" [stack: 0x000000ff8a700000,0x000000ff8a800000] [id=45020]
  0x000002e2f7be46c0 GCTaskThread "GC Thread#4" [stack: 0x000000ff8a800000,0x000000ff8a900000] [id=36728]
  0x000002e2f7be59b0 GCTaskThread "GC Thread#5" [stack: 0x000000ff8a900000,0x000000ff8aa00000] [id=32444]
  0x000002e2f7be5c70 GCTaskThread "GC Thread#6" [stack: 0x000000ff8aa00000,0x000000ff8ab00000] [id=38188]
  0x000002e2f7be5f30 GCTaskThread "GC Thread#7" [stack: 0x000000ff8ab00000,0x000000ff8ac00000] [id=37876]
  0x000002e2f7be61f0 GCTaskThread "GC Thread#8" [stack: 0x000000ff8ac00000,0x000000ff8ad00000] [id=51240]
  0x000002e2fc283040 GCTaskThread "GC Thread#9" [stack: 0x000000ff8ad00000,0x000000ff8ae00000] [id=48796]
  0x000002e2fc283b10 GCTaskThread "GC Thread#10" [stack: 0x000000ff8ae00000,0x000000ff8af00000] [id=35720]
  0x000002e2fc283dd0 GCTaskThread "GC Thread#11" [stack: 0x000000ff8af00000,0x000000ff8b000000] [id=12816]
  0x000002e2fcbc1030 GCTaskThread "GC Thread#12" [stack: 0x000000ff8a200000,0x000000ff8a300000] [id=51424]
  0x000002e2fc583ce0 GCTaskThread "GC Thread#13" [stack: 0x000000ff8a400000,0x000000ff8a500000] [id=59640]
  0x000002e2fc461530 GCTaskThread "GC Thread#14" [stack: 0x000000ff8b300000,0x000000ff8b400000] [id=28084]
  0x000002e2c9dce800 ConcurrentGCThread "G1 Main Marker" [stack: 0x000000ff88f00000,0x000000ff89000000] [id=49284]
  0x000002e2f3ed01e0 ConcurrentGCThread "G1 Conc#0" [stack: 0x000000ff89000000,0x000000ff89100000] [id=46840]
  0x000002e2fc2f6040 ConcurrentGCThread "G1 Conc#1" [stack: 0x000000ff8b400000,0x000000ff8b500000] [id=61268]
  0x000002e2fcf9a650 ConcurrentGCThread "G1 Conc#2" [stack: 0x000000ff8b500000,0x000000ff8b600000] [id=60896]
  0x000002e2fcf99e10 ConcurrentGCThread "G1 Conc#3" [stack: 0x000000ff8b600000,0x000000ff8b700000] [id=57144]
  0x000002e2f3fc7a10 ConcurrentGCThread "G1 Refine#0" [stack: 0x000000ff89100000,0x000000ff89200000] [id=48140]
  0x000002e2f3fc8340 ConcurrentGCThread "G1 Service" [stack: 0x000000ff89200000,0x000000ff89300000] [id=51004]

Threads with active compile tasks:

VM state: at safepoint (normal execution)

VM Mutex/Monitor currently owned by a thread:  ([mutex/lock_event])
[0x000002e2c9d0b150] Threads_lock - owner thread: 0x000002e2f408bde0
[0x000002e2c9d0ad60] Heap_lock - owner thread: 0x000002e2c46306d0

Heap address: 0x0000000604800000, size: 8120 MB, Compressed Oops mode: Zero based, Oop shift amount: 3

CDS archive(s) mapped at: [0x000002e280000000-0x000002e280bd0000-0x000002e280bd0000), size 12386304, SharedBaseAddress: 0x000002e280000000, ArchiveRelocationMode: 1.
Compressed class space mapped at: 0x000002e281000000-0x000002e2c1000000, reserved size: 1073741824
Narrow klass base: 0x000002e280000000, Narrow klass shift: 0, Narrow klass range: 0x100000000

GC Precious Log:
 CPUs: 20 total, 20 available
 Memory: 32472M
 Large Page Support: Disabled
 NUMA Support: Disabled
 Compressed Oops: Enabled (Zero based)
 Heap Region Size: 4M
 Heap Min Capacity: 8M
 Heap Initial Capacity: 508M
 Heap Max Capacity: 8120M
 Pre-touch: Disabled
 Parallel Workers: 15
 Concurrent Workers: 4
 Concurrent Refinement Workers: 15
 Periodic GC: Disabled

Heap:
 garbage-first heap   total 782336K, used 88848K [0x0000000604800000, 0x0000000800000000)
  region size 4096K, 8 young (32768K), 2 survivors (8192K)
 Metaspace       used 58398K, committed 59008K, reserved 1114112K
  class space    used 6371K, committed 6720K, reserved 1048576K

Heap Regions: E=young(eden), S=young(survivor), O=old, HS=humongous(starts), HC=humongous(continues), CS=collection set, F=free, OA=open archive, CA=closed archive, TAMS=top-at-mark-start (previous, next)
|   0|0x0000000604800000, 0x0000000604bfffd0, 0x0000000604c00000| 99%| O|  |TAMS 0x0000000604bfffd0, 0x0000000604800000| Untracked 
|   1|0x0000000604c00000, 0x0000000604fbaf00, 0x0000000605000000| 93%| O|  |TAMS 0x0000000604c00000, 0x0000000604c00000| Untracked 
|   2|0x0000000605000000, 0x0000000605400000, 0x0000000605400000|100%|HS|  |TAMS 0x0000000605400000, 0x0000000605000000| Untracked 
|   3|0x0000000605400000, 0x0000000605800000, 0x0000000605800000|100%|HC|  |TAMS 0x0000000605800000, 0x0000000605400000| Untracked 
|   4|0x0000000605800000, 0x0000000605bffff8, 0x0000000605c00000| 99%| O|  |TAMS 0x0000000605bffff8, 0x0000000605800000| Untracked 
|   5|0x0000000605c00000, 0x0000000605fffff0, 0x0000000606000000| 99%| O|  |TAMS 0x0000000605fffff0, 0x0000000605c00000| Untracked 
|   6|0x0000000606000000, 0x00000006063ffff0, 0x0000000606400000| 99%| O|  |TAMS 0x00000006063ffff0, 0x0000000606000000| Untracked 
|   7|0x0000000606400000, 0x00000006067ffff8, 0x0000000606800000| 99%| O|  |TAMS 0x00000006067ffff8, 0x0000000606400000| Untracked 
|   8|0x0000000606800000, 0x0000000606bfffe0, 0x0000000606c00000| 99%| O|  |TAMS 0x0000000606bfffe0, 0x0000000606800000| Untracked 
|   9|0x0000000606c00000, 0x0000000607000000, 0x0000000607000000|100%| O|  |TAMS 0x0000000607000000, 0x0000000606c00000| Untracked 
|  10|0x0000000607000000, 0x000000060736c2e8, 0x0000000607400000| 85%| O|  |TAMS 0x0000000607000000, 0x0000000607000000| Untracked 
|  11|0x0000000607400000, 0x00000006077ffff8, 0x0000000607800000| 99%| O|  |TAMS 0x00000006077ffff8, 0x0000000607400000| Untracked 
|  12|0x0000000607800000, 0x0000000607bf07c8, 0x0000000607c00000| 98%| O|  |TAMS 0x0000000607bf07c8, 0x0000000607800000| Untracked 
|  13|0x0000000607c00000, 0x0000000607ffff20, 0x0000000608000000| 99%| O|  |TAMS 0x0000000607ffff20, 0x0000000607c00000| Untracked 
|  14|0x0000000608000000, 0x00000006083fcb18, 0x0000000608400000| 99%| O|  |TAMS 0x00000006083fcb18, 0x0000000608000000| Untracked 
|  15|0x0000000608400000, 0x00000006086d4d28, 0x0000000608800000| 70%| O|  |TAMS 0x0000000608400000, 0x0000000608400000| Untracked 
|  16|0x0000000608800000, 0x0000000608969e98, 0x0000000608c00000| 35%| O|  |TAMS 0x0000000608800000, 0x0000000608800000| Untracked 
|  17|0x0000000608c00000, 0x0000000608cfa330, 0x0000000609000000| 24%| O|  |TAMS 0x0000000608c00000, 0x0000000608c00000| Untracked 
|  18|0x0000000609000000, 0x0000000609013a30, 0x0000000609400000|  1%| O|  |TAMS 0x0000000609000000, 0x0000000609000000| Untracked 
|  19|0x0000000609400000, 0x0000000609400000, 0x0000000609800000|  0%| F|  |TAMS 0x0000000609400000, 0x0000000609400000| Untracked 
|  20|0x0000000609800000, 0x0000000609800000, 0x0000000609c00000|  0%| F|  |TAMS 0x0000000609800000, 0x0000000609800000| Untracked 
|  21|0x0000000609c00000, 0x0000000609c00000, 0x000000060a000000|  0%| F|  |TAMS 0x0000000609c00000, 0x0000000609c00000| Untracked 
|  22|0x000000060a000000, 0x000000060a000000, 0x000000060a400000|  0%| F|  |TAMS 0x000000060a000000, 0x000000060a000000| Untracked 
|  23|0x000000060a400000, 0x000000060a400000, 0x000000060a800000|  0%| F|  |TAMS 0x000000060a400000, 0x000000060a400000| Untracked 
|  24|0x000000060a800000, 0x000000060a800000, 0x000000060ac00000|  0%| F|  |TAMS 0x000000060a800000, 0x000000060a800000| Untracked 
|  25|0x000000060ac00000, 0x000000060ad77fb8, 0x000000060b000000| 36%| O|  |TAMS 0x000000060ac00000, 0x000000060ac00000| Untracked 
|  26|0x000000060b000000, 0x000000060b000000, 0x000000060b400000|  0%| F|  |TAMS 0x000000060b000000, 0x000000060b000000| Untracked 
|  27|0x000000060b400000, 0x000000060b400000, 0x000000060b800000|  0%| F|  |TAMS 0x000000060b400000, 0x000000060b400000| Untracked 
|  28|0x000000060b800000, 0x000000060b800000, 0x000000060bc00000|  0%| F|  |TAMS 0x000000060b800000, 0x000000060b800000| Untracked 
|  29|0x000000060bc00000, 0x000000060bc00000, 0x000000060c000000|  0%| F|  |TAMS 0x000000060bc00000, 0x000000060bc00000| Untracked 
|  30|0x000000060c000000, 0x000000060c000000, 0x000000060c400000|  0%| F|  |TAMS 0x000000060c000000, 0x000000060c000000| Untracked 
|  31|0x000000060c400000, 0x000000060c400000, 0x000000060c800000|  0%| F|  |TAMS 0x000000060c400000, 0x000000060c400000| Untracked 
|  32|0x000000060c800000, 0x000000060c800000, 0x000000060cc00000|  0%| F|  |TAMS 0x000000060c800000, 0x000000060c800000| Untracked 
|  33|0x000000060cc00000, 0x000000060cc00000, 0x000000060d000000|  0%| F|  |TAMS 0x000000060cc00000, 0x000000060cc00000| Untracked 
|  34|0x000000060d000000, 0x000000060d000000, 0x000000060d400000|  0%| F|  |TAMS 0x000000060d000000, 0x000000060d000000| Untracked 
|  35|0x000000060d400000, 0x000000060d400000, 0x000000060d800000|  0%| F|  |TAMS 0x000000060d400000, 0x000000060d400000| Untracked 
|  36|0x000000060d800000, 0x000000060d800000, 0x000000060dc00000|  0%| F|  |TAMS 0x000000060d800000, 0x000000060d800000| Untracked 
|  37|0x000000060dc00000, 0x000000060dc00000, 0x000000060e000000|  0%| F|  |TAMS 0x000000060dc00000, 0x000000060dc00000| Untracked 
|  38|0x000000060e000000, 0x000000060e000000, 0x000000060e400000|  0%| F|  |TAMS 0x000000060e000000, 0x000000060e000000| Untracked 
|  39|0x000000060e400000, 0x000000060e400000, 0x000000060e800000|  0%| F|  |TAMS 0x000000060e400000, 0x000000060e400000| Untracked 
|  40|0x000000060e800000, 0x000000060e800000, 0x000000060ec00000|  0%| F|  |TAMS 0x000000060e800000, 0x000000060e800000| Untracked 
|  41|0x000000060ec00000, 0x000000060ec00000, 0x000000060f000000|  0%| F|  |TAMS 0x000000060ec00000, 0x000000060ec00000| Untracked 
|  42|0x000000060f000000, 0x000000060f000000, 0x000000060f400000|  0%| F|  |TAMS 0x000000060f000000, 0x000000060f000000| Untracked 
|  43|0x000000060f400000, 0x000000060f400000, 0x000000060f800000|  0%| F|  |TAMS 0x000000060f400000, 0x000000060f400000| Untracked 
|  44|0x000000060f800000, 0x000000060f800000, 0x000000060fc00000|  0%| F|  |TAMS 0x000000060f800000, 0x000000060f800000| Untracked 
|  45|0x000000060fc00000, 0x000000060fc00000, 0x0000000610000000|  0%| F|  |TAMS 0x000000060fc00000, 0x000000060fc00000| Untracked 
|  46|0x0000000610000000, 0x0000000610000000, 0x0000000610400000|  0%| F|  |TAMS 0x0000000610000000, 0x0000000610000000| Untracked 
|  47|0x0000000610400000, 0x0000000610400000, 0x0000000610800000|  0%| F|  |TAMS 0x0000000610400000, 0x0000000610400000| Untracked 
|  48|0x0000000610800000, 0x0000000610800000, 0x0000000610c00000|  0%| F|  |TAMS 0x0000000610800000, 0x0000000610800000| Untracked 
|  49|0x0000000610c00000, 0x0000000610c00000, 0x0000000611000000|  0%| F|  |TAMS 0x0000000610c00000, 0x0000000610c00000| Untracked 
|  50|0x0000000611000000, 0x0000000611000000, 0x0000000611400000|  0%| F|  |TAMS 0x0000000611000000, 0x0000000611000000| Untracked 
|  51|0x0000000611400000, 0x0000000611400000, 0x0000000611800000|  0%| F|  |TAMS 0x0000000611400000, 0x0000000611400000| Untracked 
|  52|0x0000000611800000, 0x0000000611800000, 0x0000000611c00000|  0%| F|  |TAMS 0x0000000611800000, 0x0000000611800000| Untracked 
|  53|0x0000000611c00000, 0x0000000611c00000, 0x0000000612000000|  0%| F|  |TAMS 0x0000000611c00000, 0x0000000611c00000| Untracked 
|  54|0x0000000612000000, 0x0000000612000000, 0x0000000612400000|  0%| F|  |TAMS 0x0000000612000000, 0x0000000612000000| Untracked 
|  55|0x0000000612400000, 0x0000000612400000, 0x0000000612800000|  0%| F|  |TAMS 0x0000000612400000, 0x0000000612400000| Untracked 
|  56|0x0000000612800000, 0x0000000612800000, 0x0000000612c00000|  0%| F|  |TAMS 0x0000000612800000, 0x0000000612800000| Untracked 
|  57|0x0000000612c00000, 0x0000000612c00000, 0x0000000613000000|  0%| F|  |TAMS 0x0000000612c00000, 0x0000000612c00000| Untracked 
|  58|0x0000000613000000, 0x0000000613000000, 0x0000000613400000|  0%| F|  |TAMS 0x0000000613000000, 0x0000000613000000| Untracked 
|  59|0x0000000613400000, 0x0000000613400000, 0x0000000613800000|  0%| F|  |TAMS 0x0000000613400000, 0x0000000613400000| Untracked 
|  60|0x0000000613800000, 0x0000000613800000, 0x0000000613c00000|  0%| F|  |TAMS 0x0000000613800000, 0x0000000613800000| Untracked 
|  61|0x0000000613c00000, 0x0000000613c00000, 0x0000000614000000|  0%| F|  |TAMS 0x0000000613c00000, 0x0000000613c00000| Untracked 
|  62|0x0000000614000000, 0x0000000614000000, 0x0000000614400000|  0%| F|  |TAMS 0x0000000614000000, 0x0000000614000000| Untracked 
|  63|0x0000000614400000, 0x0000000614400000, 0x0000000614800000|  0%| F|  |TAMS 0x0000000614400000, 0x0000000614400000| Untracked 
|  64|0x0000000614800000, 0x0000000614800000, 0x0000000614c00000|  0%| F|  |TAMS 0x0000000614800000, 0x0000000614800000| Untracked 
|  65|0x0000000614c00000, 0x0000000614c00000, 0x0000000615000000|  0%| F|  |TAMS 0x0000000614c00000, 0x0000000614c00000| Untracked 
|  66|0x0000000615000000, 0x0000000615000000, 0x0000000615400000|  0%| F|  |TAMS 0x0000000615000000, 0x0000000615000000| Untracked 
|  67|0x0000000615400000, 0x0000000615400000, 0x0000000615800000|  0%| F|  |TAMS 0x0000000615400000, 0x0000000615400000| Untracked 
|  68|0x0000000615800000, 0x0000000615800000, 0x0000000615c00000|  0%| F|  |TAMS 0x0000000615800000, 0x0000000615800000| Untracked 
|  69|0x0000000615c00000, 0x0000000615c00000, 0x0000000616000000|  0%| F|  |TAMS 0x0000000615c00000, 0x0000000615c00000| Untracked 
|  70|0x0000000616000000, 0x0000000616000000, 0x0000000616400000|  0%| F|  |TAMS 0x0000000616000000, 0x0000000616000000| Untracked 
|  71|0x0000000616400000, 0x0000000616400000, 0x0000000616800000|  0%| F|  |TAMS 0x0000000616400000, 0x0000000616400000| Untracked 
|  72|0x0000000616800000, 0x0000000616800000, 0x0000000616c00000|  0%| F|  |TAMS 0x0000000616800000, 0x0000000616800000| Untracked 
|  73|0x0000000616c00000, 0x0000000616c00000, 0x0000000617000000|  0%| F|  |TAMS 0x0000000616c00000, 0x0000000616c00000| Untracked 
|  74|0x0000000617000000, 0x0000000617000000, 0x0000000617400000|  0%| F|  |TAMS 0x0000000617000000, 0x0000000617000000| Untracked 
|  75|0x0000000617400000, 0x0000000617400000, 0x0000000617800000|  0%| F|  |TAMS 0x0000000617400000, 0x0000000617400000| Untracked 
|  76|0x0000000617800000, 0x00000006178eb6e0, 0x0000000617c00000| 22%| S|CS|TAMS 0x0000000617800000, 0x0000000617800000| Complete 
|  77|0x0000000617c00000, 0x0000000618000000, 0x0000000618000000|100%| S|CS|TAMS 0x0000000617c00000, 0x0000000617c00000| Complete 
|  78|0x0000000618000000, 0x0000000618000000, 0x0000000618400000|  0%| F|  |TAMS 0x0000000618000000, 0x0000000618000000| Untracked 
|  79|0x0000000618400000, 0x0000000618400000, 0x0000000618800000|  0%| F|  |TAMS 0x0000000618400000, 0x0000000618400000| Untracked 
|  80|0x0000000618800000, 0x0000000618800000, 0x0000000618c00000|  0%| F|  |TAMS 0x0000000618800000, 0x0000000618800000| Untracked 
|  81|0x0000000618c00000, 0x0000000618c00000, 0x0000000619000000|  0%| F|  |TAMS 0x0000000618c00000, 0x0000000618c00000| Untracked 
|  82|0x0000000619000000, 0x0000000619000000, 0x0000000619400000|  0%| F|  |TAMS 0x0000000619000000, 0x0000000619000000| Untracked 
|  83|0x0000000619400000, 0x0000000619400000, 0x0000000619800000|  0%| F|  |TAMS 0x0000000619400000, 0x0000000619400000| Untracked 
|  84|0x0000000619800000, 0x0000000619800000, 0x0000000619c00000|  0%| F|  |TAMS 0x0000000619800000, 0x0000000619800000| Untracked 
|  85|0x0000000619c00000, 0x0000000619c00000, 0x000000061a000000|  0%| F|  |TAMS 0x0000000619c00000, 0x0000000619c00000| Untracked 
|  86|0x000000061a000000, 0x000000061a000000, 0x000000061a400000|  0%| F|  |TAMS 0x000000061a000000, 0x000000061a000000| Untracked 
|  87|0x000000061a400000, 0x000000061a400000, 0x000000061a800000|  0%| F|  |TAMS 0x000000061a400000, 0x000000061a400000| Untracked 
|  88|0x000000061a800000, 0x000000061a800000, 0x000000061ac00000|  0%| F|  |TAMS 0x000000061a800000, 0x000000061a800000| Untracked 
|  89|0x000000061ac00000, 0x000000061ac00000, 0x000000061b000000|  0%| F|  |TAMS 0x000000061ac00000, 0x000000061ac00000| Untracked 
|  90|0x000000061b000000, 0x000000061b000000, 0x000000061b400000|  0%| F|  |TAMS 0x000000061b000000, 0x000000061b000000| Untracked 
|  91|0x000000061b400000, 0x000000061b400000, 0x000000061b800000|  0%| F|  |TAMS 0x000000061b400000, 0x000000061b400000| Untracked 
|  92|0x000000061b800000, 0x000000061b800000, 0x000000061bc00000|  0%| F|  |TAMS 0x000000061b800000, 0x000000061b800000| Untracked 
|  93|0x000000061bc00000, 0x000000061bc00000, 0x000000061c000000|  0%| F|  |TAMS 0x000000061bc00000, 0x000000061bc00000| Untracked 
|  94|0x000000061c000000, 0x000000061c000000, 0x000000061c400000|  0%| F|  |TAMS 0x000000061c000000, 0x000000061c000000| Untracked 
|  95|0x000000061c400000, 0x000000061c400000, 0x000000061c800000|  0%| F|  |TAMS 0x000000061c400000, 0x000000061c400000| Untracked 
|  96|0x000000061c800000, 0x000000061c800000, 0x000000061cc00000|  0%| F|  |TAMS 0x000000061c800000, 0x000000061c800000| Untracked 
|  97|0x000000061cc00000, 0x000000061cc00000, 0x000000061d000000|  0%| F|  |TAMS 0x000000061cc00000, 0x000000061cc00000| Untracked 
|  98|0x000000061d000000, 0x000000061d000000, 0x000000061d400000|  0%| F|  |TAMS 0x000000061d000000, 0x000000061d000000| Untracked 
|  99|0x000000061d400000, 0x000000061d400000, 0x000000061d800000|  0%| F|  |TAMS 0x000000061d400000, 0x000000061d400000| Untracked 
| 100|0x000000061d800000, 0x000000061d800000, 0x000000061dc00000|  0%| F|  |TAMS 0x000000061d800000, 0x000000061d800000| Untracked 
| 101|0x000000061dc00000, 0x000000061dc00000, 0x000000061e000000|  0%| F|  |TAMS 0x000000061dc00000, 0x000000061dc00000| Untracked 
| 102|0x000000061e000000, 0x000000061e000000, 0x000000061e400000|  0%| F|  |TAMS 0x000000061e000000, 0x000000061e000000| Untracked 
| 103|0x000000061e400000, 0x000000061e400000, 0x000000061e800000|  0%| F|  |TAMS 0x000000061e400000, 0x000000061e400000| Untracked 
| 104|0x000000061e800000, 0x000000061e800000, 0x000000061ec00000|  0%| F|  |TAMS 0x000000061e800000, 0x000000061e800000| Untracked 
| 105|0x000000061ec00000, 0x000000061ec00000, 0x000000061f000000|  0%| F|  |TAMS 0x000000061ec00000, 0x000000061ec00000| Untracked 
| 106|0x000000061f000000, 0x000000061f000000, 0x000000061f400000|  0%| F|  |TAMS 0x000000061f000000, 0x000000061f000000| Untracked 
| 107|0x000000061f400000, 0x000000061f400000, 0x000000061f800000|  0%| F|  |TAMS 0x000000061f400000, 0x000000061f400000| Untracked 
| 108|0x000000061f800000, 0x000000061f800000, 0x000000061fc00000|  0%| F|  |TAMS 0x000000061f800000, 0x000000061f800000| Untracked 
| 109|0x000000061fc00000, 0x000000061fc00000, 0x0000000620000000|  0%| F|  |TAMS 0x000000061fc00000, 0x000000061fc00000| Untracked 
| 110|0x0000000620000000, 0x0000000620000000, 0x0000000620400000|  0%| F|  |TAMS 0x0000000620000000, 0x0000000620000000| Untracked 
| 111|0x0000000620400000, 0x0000000620400000, 0x0000000620800000|  0%| F|  |TAMS 0x0000000620400000, 0x0000000620400000| Untracked 
| 112|0x0000000620800000, 0x0000000620800000, 0x0000000620c00000|  0%| F|  |TAMS 0x0000000620800000, 0x0000000620800000| Untracked 
| 113|0x0000000620c00000, 0x0000000620c00000, 0x0000000621000000|  0%| F|  |TAMS 0x0000000620c00000, 0x0000000620c00000| Untracked 
| 114|0x0000000621000000, 0x0000000621000000, 0x0000000621400000|  0%| F|  |TAMS 0x0000000621000000, 0x0000000621000000| Untracked 
| 115|0x0000000621400000, 0x0000000621400000, 0x0000000621800000|  0%| F|  |TAMS 0x0000000621400000, 0x0000000621400000| Untracked 
| 116|0x0000000621800000, 0x0000000621800000, 0x0000000621c00000|  0%| F|  |TAMS 0x0000000621800000, 0x0000000621800000| Untracked 
| 117|0x0000000621c00000, 0x0000000621c00000, 0x0000000622000000|  0%| F|  |TAMS 0x0000000621c00000, 0x0000000621c00000| Untracked 
| 118|0x0000000622000000, 0x0000000622000000, 0x0000000622400000|  0%| F|  |TAMS 0x0000000622000000, 0x0000000622000000| Untracked 
| 119|0x0000000622400000, 0x0000000622400000, 0x0000000622800000|  0%| F|  |TAMS 0x0000000622400000, 0x0000000622400000| Untracked 
| 120|0x0000000622800000, 0x0000000622800000, 0x0000000622c00000|  0%| F|  |TAMS 0x0000000622800000, 0x0000000622800000| Untracked 
| 121|0x0000000622c00000, 0x0000000622c00000, 0x0000000623000000|  0%| F|  |TAMS 0x0000000622c00000, 0x0000000622c00000| Untracked 
| 122|0x0000000623000000, 0x0000000623000000, 0x0000000623400000|  0%| F|  |TAMS 0x0000000623000000, 0x0000000623000000| Untracked 
| 123|0x0000000623400000, 0x0000000623400000, 0x0000000623800000|  0%| F|  |TAMS 0x0000000623400000, 0x0000000623400000| Untracked 
| 124|0x0000000623800000, 0x0000000623800000, 0x0000000623c00000|  0%| F|  |TAMS 0x0000000623800000, 0x0000000623800000| Untracked 
| 125|0x0000000623c00000, 0x0000000623c00000, 0x0000000624000000|  0%| F|  |TAMS 0x0000000623c00000, 0x0000000623c00000| Untracked 
| 126|0x0000000624000000, 0x0000000624000000, 0x0000000624400000|  0%| F|  |TAMS 0x0000000624000000, 0x0000000624000000| Untracked 
| 127|0x0000000624400000, 0x0000000624400000, 0x0000000624800000|  0%| F|  |TAMS 0x0000000624400000, 0x0000000624400000| Untracked 
| 128|0x0000000624800000, 0x0000000624800000, 0x0000000624c00000|  0%| F|  |TAMS 0x0000000624800000, 0x0000000624800000| Untracked 
| 129|0x0000000624c00000, 0x0000000624c00000, 0x0000000625000000|  0%| F|  |TAMS 0x0000000624c00000, 0x0000000624c00000| Untracked 
| 130|0x0000000625000000, 0x0000000625000000, 0x0000000625400000|  0%| F|  |TAMS 0x0000000625000000, 0x0000000625000000| Untracked 
| 131|0x0000000625400000, 0x0000000625400000, 0x0000000625800000|  0%| F|  |TAMS 0x0000000625400000, 0x0000000625400000| Untracked 
| 132|0x0000000625800000, 0x0000000625800000, 0x0000000625c00000|  0%| F|  |TAMS 0x0000000625800000, 0x0000000625800000| Untracked 
| 133|0x0000000625c00000, 0x0000000625c00000, 0x0000000626000000|  0%| F|  |TAMS 0x0000000625c00000, 0x0000000625c00000| Untracked 
| 134|0x0000000626000000, 0x0000000626000000, 0x0000000626400000|  0%| F|  |TAMS 0x0000000626000000, 0x0000000626000000| Untracked 
| 135|0x0000000626400000, 0x0000000626400000, 0x0000000626800000|  0%| F|  |TAMS 0x0000000626400000, 0x0000000626400000| Untracked 
| 136|0x0000000626800000, 0x0000000626800000, 0x0000000626c00000|  0%| F|  |TAMS 0x0000000626800000, 0x0000000626800000| Untracked 
| 137|0x0000000626c00000, 0x0000000626c00000, 0x0000000627000000|  0%| F|  |TAMS 0x0000000626c00000, 0x0000000626c00000| Untracked 
| 138|0x0000000627000000, 0x0000000627000000, 0x0000000627400000|  0%| F|  |TAMS 0x0000000627000000, 0x0000000627000000| Untracked 
| 139|0x0000000627400000, 0x0000000627400000, 0x0000000627800000|  0%| F|  |TAMS 0x0000000627400000, 0x0000000627400000| Untracked 
| 140|0x0000000627800000, 0x0000000627800000, 0x0000000627c00000|  0%| F|  |TAMS 0x0000000627800000, 0x0000000627800000| Untracked 
| 141|0x0000000627c00000, 0x0000000627c00000, 0x0000000628000000|  0%| F|  |TAMS 0x0000000627c00000, 0x0000000627c00000| Untracked 
| 142|0x0000000628000000, 0x0000000628000000, 0x0000000628400000|  0%| F|  |TAMS 0x0000000628000000, 0x0000000628000000| Untracked 
| 143|0x0000000628400000, 0x0000000628400000, 0x0000000628800000|  0%| F|  |TAMS 0x0000000628400000, 0x0000000628400000| Untracked 
| 144|0x0000000628800000, 0x0000000628800000, 0x0000000628c00000|  0%| F|  |TAMS 0x0000000628800000, 0x0000000628800000| Untracked 
| 145|0x0000000628c00000, 0x0000000628c00000, 0x0000000629000000|  0%| F|  |TAMS 0x0000000628c00000, 0x0000000628c00000| Untracked 
| 146|0x0000000629000000, 0x0000000629000000, 0x0000000629400000|  0%| F|  |TAMS 0x0000000629000000, 0x0000000629000000| Untracked 
| 147|0x0000000629400000, 0x0000000629400000, 0x0000000629800000|  0%| F|  |TAMS 0x0000000629400000, 0x0000000629400000| Untracked 
| 148|0x0000000629800000, 0x0000000629800000, 0x0000000629c00000|  0%| F|  |TAMS 0x0000000629800000, 0x0000000629800000| Untracked 
| 149|0x0000000629c00000, 0x0000000629c00000, 0x000000062a000000|  0%| F|  |TAMS 0x0000000629c00000, 0x0000000629c00000| Untracked 
| 150|0x000000062a000000, 0x000000062a000000, 0x000000062a400000|  0%| F|  |TAMS 0x000000062a000000, 0x000000062a000000| Untracked 
| 151|0x000000062a400000, 0x000000062a400000, 0x000000062a800000|  0%| F|  |TAMS 0x000000062a400000, 0x000000062a400000| Untracked 
| 152|0x000000062a800000, 0x000000062a800000, 0x000000062ac00000|  0%| F|  |TAMS 0x000000062a800000, 0x000000062a800000| Untracked 
| 153|0x000000062ac00000, 0x000000062ac00000, 0x000000062b000000|  0%| F|  |TAMS 0x000000062ac00000, 0x000000062ac00000| Untracked 
| 154|0x000000062b000000, 0x000000062b000000, 0x000000062b400000|  0%| F|  |TAMS 0x000000062b000000, 0x000000062b000000| Untracked 
| 155|0x000000062b400000, 0x000000062b400000, 0x000000062b800000|  0%| F|  |TAMS 0x000000062b400000, 0x000000062b400000| Untracked 
| 156|0x000000062b800000, 0x000000062b800000, 0x000000062bc00000|  0%| F|  |TAMS 0x000000062b800000, 0x000000062b800000| Untracked 
| 157|0x000000062bc00000, 0x000000062bc00000, 0x000000062c000000|  0%| F|  |TAMS 0x000000062bc00000, 0x000000062bc00000| Untracked 
| 158|0x000000062c000000, 0x000000062c000000, 0x000000062c400000|  0%| F|  |TAMS 0x000000062c000000, 0x000000062c000000| Untracked 
| 159|0x000000062c400000, 0x000000062c400000, 0x000000062c800000|  0%| F|  |TAMS 0x000000062c400000, 0x000000062c400000| Untracked 
| 160|0x000000062c800000, 0x000000062c800000, 0x000000062cc00000|  0%| F|  |TAMS 0x000000062c800000, 0x000000062c800000| Untracked 
| 161|0x000000062cc00000, 0x000000062cc00000, 0x000000062d000000|  0%| F|  |TAMS 0x000000062cc00000, 0x000000062cc00000| Untracked 
| 162|0x000000062d000000, 0x000000062d000000, 0x000000062d400000|  0%| F|  |TAMS 0x000000062d000000, 0x000000062d000000| Untracked 
| 163|0x000000062d400000, 0x000000062d400000, 0x000000062d800000|  0%| F|  |TAMS 0x000000062d400000, 0x000000062d400000| Untracked 
| 164|0x000000062d800000, 0x000000062d800000, 0x000000062dc00000|  0%| F|  |TAMS 0x000000062d800000, 0x000000062d800000| Untracked 
| 165|0x000000062dc00000, 0x000000062dc00000, 0x000000062e000000|  0%| F|  |TAMS 0x000000062dc00000, 0x000000062dc00000| Untracked 
| 166|0x000000062e000000, 0x000000062e000000, 0x000000062e400000|  0%| F|  |TAMS 0x000000062e000000, 0x000000062e000000| Untracked 
| 167|0x000000062e400000, 0x000000062e400000, 0x000000062e800000|  0%| F|  |TAMS 0x000000062e400000, 0x000000062e400000| Untracked 
| 168|0x000000062e800000, 0x000000062e800000, 0x000000062ec00000|  0%| F|  |TAMS 0x000000062e800000, 0x000000062e800000| Untracked 
| 169|0x000000062ec00000, 0x000000062ec00000, 0x000000062f000000|  0%| F|  |TAMS 0x000000062ec00000, 0x000000062ec00000| Untracked 
| 170|0x000000062f000000, 0x000000062f000000, 0x000000062f400000|  0%| F|  |TAMS 0x000000062f000000, 0x000000062f000000| Untracked 
| 171|0x000000062f400000, 0x000000062f400000, 0x000000062f800000|  0%| F|  |TAMS 0x000000062f400000, 0x000000062f400000| Untracked 
| 172|0x000000062f800000, 0x000000062f800000, 0x000000062fc00000|  0%| F|  |TAMS 0x000000062f800000, 0x000000062f800000| Untracked 
| 173|0x000000062fc00000, 0x000000062fc00000, 0x0000000630000000|  0%| F|  |TAMS 0x000000062fc00000, 0x000000062fc00000| Untracked 
| 174|0x0000000630000000, 0x0000000630000000, 0x0000000630400000|  0%| F|  |TAMS 0x0000000630000000, 0x0000000630000000| Untracked 
| 175|0x0000000630400000, 0x0000000630400000, 0x0000000630800000|  0%| F|  |TAMS 0x0000000630400000, 0x0000000630400000| Untracked 
| 176|0x0000000630800000, 0x0000000630800000, 0x0000000630c00000|  0%| F|  |TAMS 0x0000000630800000, 0x0000000630800000| Untracked 
| 177|0x0000000630c00000, 0x0000000630c00000, 0x0000000631000000|  0%| F|  |TAMS 0x0000000630c00000, 0x0000000630c00000| Untracked 
| 178|0x0000000631000000, 0x0000000631000000, 0x0000000631400000|  0%| F|  |TAMS 0x0000000631000000, 0x0000000631000000| Untracked 
| 179|0x0000000631400000, 0x0000000631400000, 0x0000000631800000|  0%| F|  |TAMS 0x0000000631400000, 0x0000000631400000| Untracked 
| 180|0x0000000631800000, 0x0000000631800000, 0x0000000631c00000|  0%| F|  |TAMS 0x0000000631800000, 0x0000000631800000| Untracked 
| 181|0x0000000631c00000, 0x0000000631c00000, 0x0000000632000000|  0%| F|  |TAMS 0x0000000631c00000, 0x0000000631c00000| Untracked 
| 182|0x0000000632000000, 0x0000000632000000, 0x0000000632400000|  0%| F|  |TAMS 0x0000000632000000, 0x0000000632000000| Untracked 
| 183|0x0000000632400000, 0x0000000632400000, 0x0000000632800000|  0%| F|  |TAMS 0x0000000632400000, 0x0000000632400000| Untracked 
| 184|0x0000000632800000, 0x0000000632800000, 0x0000000632c00000|  0%| F|  |TAMS 0x0000000632800000, 0x0000000632800000| Untracked 
| 185|0x0000000632c00000, 0x0000000632c0fb20, 0x0000000633000000|  1%| E|  |TAMS 0x0000000632c00000, 0x0000000632c00000| Complete 
| 186|0x0000000633000000, 0x0000000633400000, 0x0000000633400000|100%| E|  |TAMS 0x0000000633000000, 0x0000000633000000| Complete 
| 187|0x0000000633400000, 0x0000000633800000, 0x0000000633800000|100%| E|CS|TAMS 0x0000000633400000, 0x0000000633400000| Complete 
| 188|0x0000000633800000, 0x0000000633c00000, 0x0000000633c00000|100%| E|CS|TAMS 0x0000000633800000, 0x0000000633800000| Complete 
| 189|0x0000000633c00000, 0x0000000634000000, 0x0000000634000000|100%| E|CS|TAMS 0x0000000633c00000, 0x0000000633c00000| Complete 
| 190|0x0000000634000000, 0x0000000634400000, 0x0000000634400000|100%| E|CS|TAMS 0x0000000634000000, 0x0000000634000000| Complete 

Card table byte_map: [0x000002e2e2040000,0x000002e2e3020000] _byte_map_base: 0x000002e2df01c000

Marking Bits (Prev, Next): (CMBitMap*) 0x000002e2c9dbe110, (CMBitMap*) 0x000002e2c9dbe150
 Prev Bits: [0x000002e2e4000000, 0x000002e2ebee0000)
 Next Bits: [0x000002e2ebee0000, 0x000002e2f3dc0000)

Polling page: 0x000002e2c7cb0000

Metaspace:

Usage:
  Non-class:     50.81 MB used.
      Class:      6.22 MB used.
       Both:     57.03 MB used.

Virtual space:
  Non-class space:       64.00 MB reserved,      51.06 MB ( 80%) committed,  1 nodes.
      Class space:        1.00 GB reserved,       6.56 MB ( <1%) committed,  1 nodes.
             Both:        1.06 GB reserved,      57.62 MB (  5%) committed. 

Chunk freelists:
   Non-Class:  12.58 MB
       Class:  9.42 MB
        Both:  21.99 MB

MaxMetaspaceSize: unlimited
CompressedClassSpaceSize: 1.00 GB
Initial GC threshold: 21.00 MB
Current GC threshold: 95.88 MB
CDS: on
MetaspaceReclaimPolicy: balanced
 - commit_granule_bytes: 65536.
 - commit_granule_words: 8192.
 - virtual_space_node_default_size: 8388608.
 - enlarge_chunks_in_place: 1.
 - new_chunks_are_fully_committed: 0.
 - uncommit_free_chunks: 1.
 - use_allocation_guard: 0.
 - handle_deallocations: 1.


Internal statistics:

num_allocs_failed_limit: 3.
num_arena_births: 1310.
num_arena_deaths: 316.
num_vsnodes_births: 2.
num_vsnodes_deaths: 0.
num_space_committed: 922.
num_space_uncommitted: 0.
num_chunks_returned_to_freelist: 438.
num_chunks_taken_from_freelist: 3889.
num_chunk_merges: 160.
num_chunk_splits: 2312.
num_chunks_enlarged: 1337.
num_inconsistent_stats: 0.

CodeHeap 'non-profiled nmethods': size=119168Kb used=18612Kb max_used=18612Kb free=100555Kb
 bounds [0x000002e2d9160000, 0x000002e2da400000, 0x000002e2e05c0000]
CodeHeap 'profiled nmethods': size=119104Kb used=21751Kb max_used=22442Kb free=97352Kb
 bounds [0x000002e2d15c0000, 0x000002e2d2c90000, 0x000002e2d8a10000]
CodeHeap 'non-nmethods': size=7488Kb used=1368Kb max_used=3135Kb free=6119Kb
 bounds [0x000002e2d8a10000, 0x000002e2d8d30000, 0x000002e2d9160000]
 total_blobs=12687 nmethods=11989 adapters=609
 compilation: enabled
              stopped_count=0, restarted_count=0
 full_count=0

Compilation events (20 events):
Event: 155442.969 Thread 0x000002e2f7161fe0 17370       3       org.apache.logging.log4j.core.layout.TextEncoderHelper::copy (54 bytes)
Event: 155442.969 Thread 0x000002e2f7161fe0 nmethod 17370 0x000002e2d2aa5490 code [0x000002e2d2aa56e0, 0x000002e2d2aa60d8]
Event: 155442.969 Thread 0x000002e2f7161fe0 17371       3       java.nio.CharBuffer::flip (5 bytes)
Event: 155442.969 Thread 0x000002e2f7161fe0 nmethod 17371 0x000002e2d1f32090 code [0x000002e2d1f32240, 0x000002e2d1f32418]
Event: 155469.346 Thread 0x000002e2f40bccc0 17372   !   4       java.util.concurrent.CompletableFuture$AsyncSupply::run (61 bytes)
Event: 155469.350 Thread 0x000002e2f40bccc0 nmethod 17372 0x000002e2da31ff90 code [0x000002e2da320140, 0x000002e2da3205f8]
Event: 155491.906 Thread 0x000002e2f40bccc0 17373       4       com.huawei.fixbot.server.wecode.conf.clangtidy.ClangTidyRuleSetConfig::getEnabledCheckers (25 bytes)
Event: 155491.940 Thread 0x000002e2f40bccc0 nmethod 17373 0x000002e2d9dcd590 code [0x000002e2d9dcd740, 0x000002e2d9dcddd8]
Event: 155491.940 Thread 0x000002e2f40bccc0 17374       4       com.huawei.fixbot.server.wecode.conf.clangtidy.ClangTidyRuleSetObserver::getProcessedResult (5 bytes)
Event: 155491.941 Thread 0x000002e2f40bccc0 nmethod 17374 0x000002e2d96fcb10 code [0x000002e2d96fcc80, 0x000002e2d96fcd38]
Event: 155494.492 Thread 0x000002e2f40bccc0 17375       4       com.huawei.codebot.analyzer.cxx.hwconvention.todochecker.TodoChecker::analyzeCompounds (223 bytes)
Event: 155494.614 Thread 0x000002e2f40bccc0 nmethod 17375 0x000002e2da3de490 code [0x000002e2da3dea60, 0x000002e2da3e5228]
Event: 155494.767 Thread 0x000002e2f40bccc0 17376       4       jdk.internal.module.Resources::toPackageName (39 bytes)
Event: 155494.778 Thread 0x000002e2f40bccc0 nmethod 17376 0x000002e2d9c2f410 code [0x000002e2d9c2f5e0, 0x000002e2d9c30158]
Event: 155494.778 Thread 0x000002e2f40bccc0 17377       4       com.huawei.codebot.analyzer.cxx.hwconvention.format.conditionalfixer.krstylefixer.KRStyleDefectConditionalFixer::checkCompositeStatement (403 bytes)
Event: 155494.926 Thread 0x000002e2f40bccc0 nmethod 17377 0x000002e2da3e9a10 code [0x000002e2da3ea060, 0x000002e2da3f1840]
Event: 155495.780 Thread 0x000002e2f40bccc0 17378       4       java.nio.CharBuffer::clear (5 bytes)
Event: 155495.780 Thread 0x000002e2f40bccc0 nmethod 17378 0x000002e2d9787990 code [0x000002e2d9787b00, 0x000002e2d9787b98]
Event: 155495.864 Thread 0x000002e2f40bccc0 17379   !   4       jdk.internal.loader.BuiltinClassLoader::findMiscResource (122 bytes)
Event: 155495.875 Thread 0x000002e2f40bccc0 nmethod 17379 0x000002e2d9f6e610 code [0x000002e2d9f6e840, 0x000002e2d9f6f650]

GC Heap History (20 events):
Event: 155491.915 GC heap before
{Heap before GC invocations=3250 (full 361):
 garbage-first heap   total 335872K, used 69928K [0x0000000604800000, 0x0000000800000000)
  region size 4096K, 2 young (8192K), 1 survivors (4096K)
 Metaspace       used 58393K, committed 59008K, reserved 1114112K
  class space    used 6371K, committed 6720K, reserved 1048576K
}
Event: 155491.940 GC heap after
{Heap after GC invocations=3251 (full 362):
 garbage-first heap   total 274432K, used 67427K [0x0000000604800000, 0x0000000800000000)
  region size 4096K, 0 young (0K), 0 survivors (0K)
 Metaspace       used 58393K, committed 59008K, reserved 1114112K
  class space    used 6371K, committed 6720K, reserved 1048576K
}
Event: 155492.269 GC heap before
{Heap before GC invocations=3251 (full 362):
 garbage-first heap   total 274432K, used 214883K [0x0000000604800000, 0x0000000800000000)
  region size 4096K, 37 young (151552K), 0 survivors (0K)
 Metaspace       used 58393K, committed 59008K, reserved 1114112K
  class space    used 6371K, committed 6720K, reserved 1048576K
}
Event: 155492.274 GC heap after
{Heap after GC invocations=3252 (full 362):
 garbage-first heap   total 274432K, used 70336K [0x0000000604800000, 0x0000000800000000)
  region size 4096K, 1 young (4096K), 1 survivors (4096K)
 Metaspace       used 58393K, committed 59008K, reserved 1114112K
  class space    used 6371K, committed 6720K, reserved 1048576K
}
Event: 155493.670 GC heap before
{Heap before GC invocations=3252 (full 362):
 garbage-first heap   total 274432K, used 213696K [0x0000000604800000, 0x0000000800000000)
  region size 4096K, 37 young (151552K), 1 survivors (4096K)
 Metaspace       used 58393K, committed 59008K, reserved 1114112K
  class space    used 6371K, committed 6720K, reserved 1048576K
}
Event: 155493.671 GC heap after
{Heap after GC invocations=3253 (full 362):
 garbage-first heap   total 274432K, used 71486K [0x0000000604800000, 0x0000000800000000)
  region size 4096K, 1 young (4096K), 1 survivors (4096K)
 Metaspace       used 58393K, committed 59008K, reserved 1114112K
  class space    used 6371K, committed 6720K, reserved 1048576K
}
Event: 155493.760 GC heap before
{Heap before GC invocations=3253 (full 362):
 garbage-first heap   total 274432K, used 218942K [0x0000000604800000, 0x0000000800000000)
  region size 4096K, 37 young (151552K), 1 survivors (4096K)
 Metaspace       used 58393K, committed 59008K, reserved 1114112K
  class space    used 6371K, committed 6720K, reserved 1048576K
}
Event: 155493.761 GC heap after
{Heap after GC invocations=3254 (full 362):
 garbage-first heap   total 274432K, used 70666K [0x0000000604800000, 0x0000000800000000)
  region size 4096K, 1 young (4096K), 1 survivors (4096K)
 Metaspace       used 58393K, committed 59008K, reserved 1114112K
  class space    used 6371K, committed 6720K, reserved 1048576K
}
Event: 155494.484 GC heap before
{Heap before GC invocations=3254 (full 362):
 garbage-first heap   total 274432K, used 214026K [0x0000000604800000, 0x0000000800000000)
  region size 4096K, 37 young (151552K), 1 survivors (4096K)
 Metaspace       used 58393K, committed 59008K, reserved 1114112K
  class space    used 6371K, committed 6720K, reserved 1048576K
}
Event: 155494.486 GC heap after
{Heap after GC invocations=3255 (full 362):
 garbage-first heap   total 274432K, used 71969K [0x0000000604800000, 0x0000000800000000)
  region size 4096K, 2 young (8192K), 2 survivors (8192K)
 Metaspace       used 58393K, committed 59008K, reserved 1114112K
  class space    used 6371K, committed 6720K, reserved 1048576K
}
Event: 155494.582 GC heap before
{Heap before GC invocations=3255 (full 362):
 garbage-first heap   total 274432K, used 215329K [0x0000000604800000, 0x0000000800000000)
  region size 4096K, 37 young (151552K), 2 survivors (8192K)
 Metaspace       used 58393K, committed 59008K, reserved 1114112K
  class space    used 6371K, committed 6720K, reserved 1048576K
}
Event: 155494.590 GC heap after
{Heap after GC invocations=3256 (full 362):
 garbage-first heap   total 274432K, used 71434K [0x0000000604800000, 0x0000000800000000)
  region size 4096K, 1 young (4096K), 1 survivors (4096K)
 Metaspace       used 58393K, committed 59008K, reserved 1114112K
  class space    used 6371K, committed 6720K, reserved 1048576K
}
Event: 155494.781 GC heap before
{Heap before GC invocations=3256 (full 362):
 garbage-first heap   total 274432K, used 218890K [0x0000000604800000, 0x0000000800000000)
  region size 4096K, 37 young (151552K), 1 survivors (4096K)
 Metaspace       used 58393K, committed 59008K, reserved 1114112K
  class space    used 6371K, committed 6720K, reserved 1048576K
}
Event: 155494.782 GC heap after
{Heap after GC invocations=3257 (full 362):
 garbage-first heap   total 274432K, used 70961K [0x0000000604800000, 0x0000000800000000)
  region size 4096K, 1 young (4096K), 1 survivors (4096K)
 Metaspace       used 58393K, committed 59008K, reserved 1114112K
  class space    used 6371K, committed 6720K, reserved 1048576K
}
Event: 155494.855 GC heap before
{Heap before GC invocations=3257 (full 362):
 garbage-first heap   total 274432K, used 218417K [0x0000000604800000, 0x0000000800000000)
  region size 4096K, 37 young (151552K), 1 survivors (4096K)
 Metaspace       used 58393K, committed 59008K, reserved 1114112K
  class space    used 6371K, committed 6720K, reserved 1048576K
}
Event: 155494.857 GC heap after
{Heap after GC invocations=3258 (full 362):
 garbage-first heap   total 274432K, used 71322K [0x0000000604800000, 0x0000000800000000)
  region size 4096K, 1 young (4096K), 1 survivors (4096K)
 Metaspace       used 58393K, committed 59008K, reserved 1114112K
  class space    used 6371K, committed 6720K, reserved 1048576K
}
Event: 155495.123 GC heap before
{Heap before GC invocations=3258 (full 362):
 garbage-first heap   total 274432K, used 218778K [0x0000000604800000, 0x0000000800000000)
  region size 4096K, 38 young (155648K), 1 survivors (4096K)
 Metaspace       used 58393K, committed 59008K, reserved 1114112K
  class space    used 6371K, committed 6720K, reserved 1048576K
}
Event: 155495.125 GC heap after
{Heap after GC invocations=3259 (full 362):
 garbage-first heap   total 782336K, used 71120K [0x0000000604800000, 0x0000000800000000)
  region size 4096K, 1 young (4096K), 1 survivors (4096K)
 Metaspace       used 58393K, committed 59008K, reserved 1114112K
  class space    used 6371K, committed 6720K, reserved 1048576K
}
Event: 155496.088 GC heap before
{Heap before GC invocations=3259 (full 362):
 garbage-first heap   total 782336K, used 533968K [0x0000000604800000, 0x0000000800000000)
  region size 4096K, 114 young (466944K), 1 survivors (4096K)
 Metaspace       used 58398K, committed 59008K, reserved 1114112K
  class space    used 6371K, committed 6720K, reserved 1048576K
}
Event: 155496.090 GC heap after
{Heap after GC invocations=3260 (full 362):
 garbage-first heap   total 782336K, used 72464K [0x0000000604800000, 0x0000000800000000)
  region size 4096K, 2 young (8192K), 2 survivors (8192K)
 Metaspace       used 58398K, committed 59008K, reserved 1114112K
  class space    used 6371K, committed 6720K, reserved 1048576K
}

Deoptimization events (20 events):
Event: 155167.455 Thread 0x000002e2fce34d50 Uncommon trap: trap_request=0xffffff45 fr.pc=0x000002e2d99d9d78 relative=0x00000000000006b8
Event: 155167.455 Thread 0x000002e2fce34d50 Uncommon trap: reason=unstable_if action=reinterpret pc=0x000002e2d99d9d78 method=org.eclipse.cdt.internal.core.dom.parser.ASTAttribute.accept(Lorg/eclipse/cdt/core/dom/ast/ASTVisitor;)Z @ 12 c2
Event: 155167.455 Thread 0x000002e2fce34d50 DEOPT PACKING pc=0x000002e2d99d9d78 sp=0x000000ff8cbfeee0
Event: 155167.455 Thread 0x000002e2fce34d50 DEOPT UNPACKING pc=0x000002e2d8a623a3 sp=0x000000ff8cbfedc8 mode 2
Event: 155168.235 Thread 0x000002e2fc71aa80 Uncommon trap: trap_request=0xffffff45 fr.pc=0x000002e2d981b0ac relative=0x0000000000000bcc
Event: 155168.235 Thread 0x000002e2fc71aa80 Uncommon trap: reason=unstable_if action=reinterpret pc=0x000002e2d981b0ac method=org.eclipse.cdt.internal.core.dom.parser.ASTAttribute.accept(Lorg/eclipse/cdt/core/dom/ast/ASTVisitor;)Z @ 12 c2
Event: 155168.235 Thread 0x000002e2fc71aa80 DEOPT PACKING pc=0x000002e2d981b0ac sp=0x000000ff8c9ff3d0
Event: 155168.235 Thread 0x000002e2fc71aa80 DEOPT UNPACKING pc=0x000002e2d8a623a3 sp=0x000000ff8c9ff208 mode 2
Event: 155481.199 Thread 0x000002e2c462ed80 Uncommon trap: trap_request=0xffffff45 fr.pc=0x000002e2da314d68 relative=0x0000000000000708
Event: 155481.199 Thread 0x000002e2c462ed80 Uncommon trap: reason=unstable_if action=reinterpret pc=0x000002e2da314d68 method=java.util.concurrent.ForkJoinPool.scan(Ljava/util/concurrent/ForkJoinPool$WorkQueue;II)I @ 151 c2
Event: 155481.199 Thread 0x000002e2c462ed80 DEOPT PACKING pc=0x000002e2da314d68 sp=0x000000ff8c7ff0c0
Event: 155481.199 Thread 0x000002e2c462ed80 DEOPT UNPACKING pc=0x000002e2d8a623a3 sp=0x000000ff8c7fefd0 mode 2
Event: 155494.492 Thread 0x000002e2c4633970 DEOPT PACKING pc=0x000002e2d2bf60fc sp=0x000000ff88cfe2f0
Event: 155494.492 Thread 0x000002e2c4633970 DEOPT UNPACKING pc=0x000002e2d8a62b43 sp=0x000000ff88cfd940 mode 0
Event: 155494.775 Thread 0x000002e2c462f290 DEOPT PACKING pc=0x000002e2d22bb5f5 sp=0x000000ff88afe430
Event: 155494.775 Thread 0x000002e2c462f290 DEOPT UNPACKING pc=0x000002e2d8a62b43 sp=0x000000ff88afd958 mode 0
Event: 155495.583 Thread 0x000002e2c4634390 Uncommon trap: trap_request=0xffffff45 fr.pc=0x000002e2da152e60 relative=0x00000000000017e0
Event: 155495.583 Thread 0x000002e2c4634390 Uncommon trap: reason=unstable_if action=reinterpret pc=0x000002e2da152e60 method=com.fasterxml.jackson.core.json.ReaderBasedJsonParser.nextToken()Lcom/fasterxml/jackson/core/JsonToken; @ 37 c2
Event: 155495.583 Thread 0x000002e2c4634390 DEOPT PACKING pc=0x000002e2da152e60 sp=0x000000ff8bdfeb20
Event: 155495.583 Thread 0x000002e2c4634390 DEOPT UNPACKING pc=0x000002e2d8a623a3 sp=0x000000ff8bdfeaf0 mode 2

Classes unloaded (20 events):
Event: 152898.402 Thread 0x000002e2f408bde0 Unloading class 0x000002e2810ba000 'jdk/internal/reflect/GeneratedMethodAccessor102'
Event: 152898.402 Thread 0x000002e2f408bde0 Unloading class 0x000002e2810b9000 'jdk/internal/reflect/GeneratedMethodAccessor101'
Event: 152898.402 Thread 0x000002e2f408bde0 Unloading class 0x000002e2810b8000 'jdk/internal/reflect/GeneratedMethodAccessor100'
Event: 152898.402 Thread 0x000002e2f408bde0 Unloading class 0x000002e281014800 'jdk/internal/reflect/GeneratedConstructorAccessor254'
Event: 152898.402 Thread 0x000002e2f408bde0 Unloading class 0x000002e281013400 'jdk/internal/reflect/GeneratedMethodAccessor99'
Event: 152898.402 Thread 0x000002e2f408bde0 Unloading class 0x000002e281012c00 'jdk/internal/reflect/GeneratedConstructorAccessor253'
Event: 153546.205 Thread 0x000002e2f408bde0 Unloading class 0x000002e28168ec00 'java/lang/invoke/LambdaForm$MH+0x000002e28168ec00'
Event: 153546.205 Thread 0x000002e2f408bde0 Unloading class 0x000002e28168e800 'java/lang/invoke/LambdaForm$MH+0x000002e28168e800'
Event: 153546.205 Thread 0x000002e2f408bde0 Unloading class 0x000002e28168e400 'java/lang/invoke/LambdaForm$MH+0x000002e28168e400'
Event: 153546.205 Thread 0x000002e2f408bde0 Unloading class 0x000002e28168e000 'java/lang/invoke/LambdaForm$MH+0x000002e28168e000'
Event: 153546.205 Thread 0x000002e2f408bde0 Unloading class 0x000002e28168dc00 'java/lang/invoke/LambdaForm$MH+0x000002e28168dc00'
Event: 153546.205 Thread 0x000002e2f408bde0 Unloading class 0x000002e28168d800 'java/lang/invoke/LambdaForm$MH+0x000002e28168d800'
Event: 153546.205 Thread 0x000002e2f408bde0 Unloading class 0x000002e28168d400 'java/lang/invoke/LambdaForm$MH+0x000002e28168d400'
Event: 153546.205 Thread 0x000002e2f408bde0 Unloading class 0x000002e28168d000 'java/lang/invoke/LambdaForm$MH+0x000002e28168d000'
Event: 153546.205 Thread 0x000002e2f408bde0 Unloading class 0x000002e28168c800 'java/lang/invoke/LambdaForm$MH+0x000002e28168c800'
Event: 153546.205 Thread 0x000002e2f408bde0 Unloading class 0x000002e28168c400 'java/lang/invoke/LambdaForm$MH+0x000002e28168c400'
Event: 153546.205 Thread 0x000002e2f408bde0 Unloading class 0x000002e28168c000 'java/lang/invoke/LambdaForm$MH+0x000002e28168c000'
Event: 153546.205 Thread 0x000002e2f408bde0 Unloading class 0x000002e281683c00 'java/lang/invoke/LambdaForm$MH+0x000002e281683c00'
Event: 153546.205 Thread 0x000002e2f408bde0 Unloading class 0x000002e281683800 'java/lang/invoke/LambdaForm$MH+0x000002e281683800'
Event: 153546.205 Thread 0x000002e2f408bde0 Unloading class 0x000002e281683400 'java/lang/invoke/LambdaForm$MH+0x000002e281683400'

Classes redefined (0 events):
No events

Internal exceptions (20 events):
Event: 155481.239 Thread 0x000002e2c462ed80 JVM_StopThread thread JavaThread 0x0000000000000000 as oop 0x00000006112fa460 [exception 0x000000ff8c7fe418]
Event: 155481.513 Thread 0x000002e2c4634390 JVM_StopThread thread JavaThread 0x0000000000000000 as oop 0x0000000610753010 [exception 0x000000ff8bdfe608]
Event: 155482.501 Thread 0x000002e2c4633970 JVM_StopThread thread JavaThread 0x0000000000000000 as oop 0x00000006124a97f8 [exception 0x000000ff88cfe4e8]
Event: 155483.240 Thread 0x000002e2c4633970 JVM_StopThread thread JavaThread 0x0000000000000000 as oop 0x000000061159bb48 [exception 0x000000ff88cfe4e8]
Event: 155485.898 Thread 0x000002e2c4633970 JVM_StopThread thread JavaThread 0x0000000000000000 as oop 0x000000060f6bea20 [exception 0x000000ff88cfe4e8]
Event: 155486.665 Thread 0x000002e2c4633970 JVM_StopThread thread JavaThread 0x0000000000000000 as oop 0x000000060d9c70d8 [exception 0x000000ff88cfe4e8]
Event: 155487.679 Thread 0x000002e2c4633970 JVM_StopThread thread JavaThread 0x0000000000000000 as oop 0x000000061cbea418 [exception 0x000000ff88cfe4e8]
Event: 155488.452 Thread 0x000002e2c4633970 JVM_StopThread thread JavaThread 0x0000000000000000 as oop 0x0000000614e9e0a0 [exception 0x000000ff88cfe4e8]
Event: 155488.871 Thread 0x000002e2c4634390 JVM_StopThread thread JavaThread 0x0000000000000000 as oop 0x000000060db6a0b8 [exception 0x000000ff8bdfe608]
Event: 155489.654 Thread 0x000002e2c4634390 JVM_StopThread thread JavaThread 0x0000000000000000 as oop 0x000000060dce9c50 [exception 0x000000ff8bdfe608]
Event: 155490.400 Thread 0x000002e2c4634390 JVM_StopThread thread JavaThread 0x0000000000000000 as oop 0x000000060efef030 [exception 0x000000ff8bdfe608]
Event: 155490.997 Thread 0x000002e2c4634390 JVM_StopThread thread JavaThread 0x0000000000000000 as oop 0x000000060f8b29f8 [exception 0x000000ff8bdfe608]
Event: 155491.386 Thread 0x000002e2c462ed80 JVM_StopThread thread JavaThread 0x0000000000000000 as oop 0x0000000611347a40 [exception 0x000000ff8c7fe418]
Event: 155492.181 Thread 0x000002e2c4633970 JVM_StopThread thread JavaThread 0x0000000000000000 as oop 0x0000000614f7d4f8 [exception 0x000000ff88cfe4e8]
Event: 155493.657 Thread 0x000002e2c4633970 JVM_StopThread thread JavaThread 0x0000000000000000 as oop 0x000000060ce8f488 [exception 0x000000ff88cfe4e8]
Event: 155494.422 Thread 0x000002e2c4633970 JVM_StopThread thread JavaThread 0x0000000000000000 as oop 0x000000060dd2ba10 [exception 0x000000ff88cfe4e8]
Event: 155494.707 Thread 0x000002e2c462f290 JVM_StopThread thread JavaThread 0x0000000000000000 as oop 0x0000000610624cc0 [exception 0x000000ff88afe7d8]
Event: 155495.051 Thread 0x000002e2c462f290 JVM_StopThread thread JavaThread 0x0000000000000000 as oop 0x00000006103e5530 [exception 0x000000ff88afe7d8]
Event: 155495.779 Thread 0x000002e2c4634390 Exception <a 'java/io/IOException'{0x000000062e627d40}: CreateProcess error=1455, й°µйЭҐжЦЗдїґе§™е∞ПпЉМжЧ†ж≥ХеЃМжИРжУНдљЬгАВ> (0x000000062e627d40) 
thrown [s\open\src\hotspot\share\prims\jni.cpp, line 535]
Event: 155495.808 Thread 0x000002e2c462f290 JVM_StopThread thread JavaThread 0x0000000000000000 as oop 0x0000000627443278 [exception 0x000000ff88afe7d8]

VM Operations (20 events):
Event: 155493.283 Executing VM operation: Cleanup done
Event: 155493.670 Executing VM operation: G1CollectForAllocation
Event: 155493.671 Executing VM operation: G1CollectForAllocation done
Event: 155493.760 Executing VM operation: G1CollectForAllocation
Event: 155493.761 Executing VM operation: G1CollectForAllocation done
Event: 155494.484 Executing VM operation: G1CollectForAllocation
Event: 155494.486 Executing VM operation: G1CollectForAllocation done
Event: 155494.573 Executing VM operation: G1CollectForAllocation
Event: 155494.590 Executing VM operation: G1CollectForAllocation done
Event: 155494.780 Executing VM operation: G1CollectForAllocation
Event: 155494.782 Executing VM operation: G1CollectForAllocation done
Event: 155494.855 Executing VM operation: G1CollectForAllocation
Event: 155494.857 Executing VM operation: G1CollectForAllocation done
Event: 155495.123 Executing VM operation: G1CollectForAllocation
Event: 155495.125 Executing VM operation: G1CollectForAllocation done
Event: 155495.584 Executing VM operation: HandshakeAllThreads
Event: 155495.584 Executing VM operation: HandshakeAllThreads done
Event: 155496.088 Executing VM operation: G1CollectForAllocation
Event: 155496.090 Executing VM operation: G1CollectForAllocation done
Event: 155496.100 Executing VM operation: G1CollectFull

Events (20 events):
Event: 155489.626 Thread 0x000002e2c4632f50 Thread added: 0x000002e2c4632f50
Event: 155489.654 Thread 0x000002e2c4632f50 Thread exited: 0x000002e2c4632f50
Event: 155490.380 Thread 0x000002e2c4630be0 Thread added: 0x000002e2c4630be0
Event: 155490.400 Thread 0x000002e2c4630be0 Thread exited: 0x000002e2c4630be0
Event: 155490.979 Thread 0x000002e2c4630be0 Thread added: 0x000002e2c4630be0
Event: 155490.997 Thread 0x000002e2c4630be0 Thread exited: 0x000002e2c4630be0
Event: 155491.367 Thread 0x000002e2c4630be0 Thread added: 0x000002e2c4630be0
Event: 155491.386 Thread 0x000002e2c4630be0 Thread exited: 0x000002e2c4630be0
Event: 155492.163 Thread 0x000002e2c4631b10 Thread added: 0x000002e2c4631b10
Event: 155492.181 Thread 0x000002e2c4631b10 Thread exited: 0x000002e2c4631b10
Event: 155493.639 Thread 0x000002e2c4632f50 Thread added: 0x000002e2c4632f50
Event: 155493.657 Thread 0x000002e2c4632f50 Thread exited: 0x000002e2c4632f50
Event: 155494.402 Thread 0x000002e2c4631b10 Thread added: 0x000002e2c4631b10
Event: 155494.422 Thread 0x000002e2c4631b10 Thread exited: 0x000002e2c4631b10
Event: 155494.687 Thread 0x000002e2c4630be0 Thread added: 0x000002e2c4630be0
Event: 155494.707 Thread 0x000002e2c4630be0 Thread exited: 0x000002e2c4630be0
Event: 155495.031 Thread 0x000002e2c4630be0 Thread added: 0x000002e2c4630be0
Event: 155495.051 Thread 0x000002e2c4630be0 Thread exited: 0x000002e2c4630be0
Event: 155495.784 Thread 0x000002e2c4630be0 Thread added: 0x000002e2c4630be0
Event: 155495.808 Thread 0x000002e2c4630be0 Thread exited: 0x000002e2c4630be0


Dynamic libraries:
0x00007ff7490b0000 - 0x00007ff7490c0000 	D:\WeCode\tools\CodeCheckRT-1.0.15\jre\bin\java.exe
0x00007ff9161b0000 - 0x00007ff9163c7000 	C:\WINDOWS\SYSTEM32\ntdll.dll
0x00007ff915660000 - 0x00007ff915724000 	C:\WINDOWS\System32\KERNEL32.DLL
0x00007ff913790000 - 0x00007ff913b37000 	C:\WINDOWS\System32\KERNELBASE.dll
0x00007ff8c8db0000 - 0x00007ff8c8dd4000 	C:\WINDOWS\System32\ghijt64win10.dll
0x00007ff9155a0000 - 0x00007ff915652000 	C:\WINDOWS\System32\ADVAPI32.dll
0x00007ff915340000 - 0x00007ff9153e7000 	C:\WINDOWS\System32\msvcrt.dll
0x00007ff914fd0000 - 0x00007ff915078000 	C:\WINDOWS\System32\sechost.dll
0x00007ff913550000 - 0x00007ff913578000 	C:\WINDOWS\System32\bcrypt.dll
0x00007ff916050000 - 0x00007ff916165000 	C:\WINDOWS\System32\RPCRT4.dll
0x00007ff913670000 - 0x00007ff913781000 	C:\WINDOWS\System32\ucrtbase.dll
0x00007ff8fa950000 - 0x00007ff8fa969000 	D:\WeCode\tools\CodeCheckRT-1.0.15\jre\bin\jli.dll
0x00007ff8fa840000 - 0x00007ff8fa85b000 	D:\WeCode\tools\CodeCheckRT-1.0.15\jre\bin\VCRUNTIME140.dll
0x00007ff9153f0000 - 0x00007ff91559e000 	C:\WINDOWS\System32\USER32.dll
0x00007ff913580000 - 0x00007ff9135a6000 	C:\WINDOWS\System32\win32u.dll
0x00007ff915de0000 - 0x00007ff915e09000 	C:\WINDOWS\System32\GDI32.dll
0x00007ff913d50000 - 0x00007ff913e69000 	C:\WINDOWS\System32\gdi32full.dll
0x00007ff913cb0000 - 0x00007ff913d4a000 	C:\WINDOWS\System32\msvcp_win.dll
0x00007ff8f82a0000 - 0x00007ff8f8533000 	C:\WINDOWS\WinSxS\amd64_microsoft.windows.common-controls_6595b64144ccf1df_6.0.22621.3527_none_270e469b73872a76\COMCTL32.dll
0x00007ff8fc870000 - 0x00007ff8fc87a000 	C:\WINDOWS\SYSTEM32\VERSION.dll
0x00007ff9147c0000 - 0x00007ff9147f1000 	C:\WINDOWS\System32\IMM32.DLL
0x00007ff8fdd70000 - 0x00007ff8fdd7c000 	D:\WeCode\tools\CodeCheckRT-1.0.15\jre\bin\vcruntime140_1.dll
0x00007ff8ab4b0000 - 0x00007ff8ab53e000 	D:\WeCode\tools\CodeCheckRT-1.0.15\jre\bin\msvcp140.dll
0x00007ff86cbf0000 - 0x00007ff86d7d0000 	D:\WeCode\tools\CodeCheckRT-1.0.15\jre\bin\server\jvm.dll
0x00007ff914b10000 - 0x00007ff914b18000 	C:\WINDOWS\System32\PSAPI.DLL
0x00007ff911020000 - 0x00007ff911054000 	C:\WINDOWS\SYSTEM32\WINMM.dll
0x00007ff8f79d0000 - 0x00007ff8f79d9000 	C:\WINDOWS\SYSTEM32\WSOCK32.dll
0x00007ff913ee0000 - 0x00007ff913f51000 	C:\WINDOWS\System32\WS2_32.dll
0x00007ff912570000 - 0x00007ff912588000 	C:\WINDOWS\SYSTEM32\kernel.appcore.dll
0x00007ff8fae50000 - 0x00007ff8fae5a000 	D:\WeCode\tools\CodeCheckRT-1.0.15\jre\bin\jimage.dll
0x00007ff910900000 - 0x00007ff910b32000 	C:\WINDOWS\SYSTEM32\DBGHELP.DLL
0x00007ff915730000 - 0x00007ff915ab8000 	C:\WINDOWS\System32\combase.dll
0x00007ff914a30000 - 0x00007ff914b07000 	C:\WINDOWS\System32\OLEAUT32.dll
0x00007ff8f7970000 - 0x00007ff8f79a2000 	C:\WINDOWS\SYSTEM32\dbgcore.DLL
0x00007ff9134d0000 - 0x00007ff913549000 	C:\WINDOWS\System32\bcryptPrimitives.dll
0x00007ff8ade00000 - 0x00007ff8ade25000 	D:\WeCode\tools\CodeCheckRT-1.0.15\jre\bin\java.dll
0x00007ff8aa5c0000 - 0x00007ff8aa697000 	D:\WeCode\tools\CodeCheckRT-1.0.15\jre\bin\jsvml.dll
0x00007ff913f60000 - 0x00007ff9147bc000 	C:\WINDOWS\System32\SHELL32.dll
0x00007ff9112c0000 - 0x00007ff911bb6000 	C:\WINDOWS\SYSTEM32\windows.storage.dll
0x00007ff911080000 - 0x00007ff9111be000 	C:\WINDOWS\SYSTEM32\wintypes.dll
0x00007ff915ef0000 - 0x00007ff915fe5000 	C:\WINDOWS\System32\SHCORE.dll
0x00007ff915ff0000 - 0x00007ff91604e000 	C:\WINDOWS\System32\shlwapi.dll
0x00007ff913400000 - 0x00007ff913421000 	C:\WINDOWS\SYSTEM32\profapi.dll
0x00007ff8e4290000 - 0x00007ff8e42a9000 	D:\WeCode\tools\CodeCheckRT-1.0.15\jre\bin\net.dll
0x00007ff90cf20000 - 0x00007ff90d056000 	C:\WINDOWS\SYSTEM32\WINHTTP.dll
0x00007ff912a00000 - 0x00007ff912a69000 	C:\WINDOWS\system32\mswsock.dll
0x00007ff9129f0000 - 0x00007ff9129fb000 	C:\WINDOWS\system32\wshqos.dll
0x00007ff9129e0000 - 0x00007ff9129e8000 	C:\WINDOWS\SYSTEM32\wshtcpip.DLL
0x00007ff9129d0000 - 0x00007ff9129d8000 	C:\WINDOWS\SYSTEM32\wship6.dll
0x00007ff8d1ad0000 - 0x00007ff8d1ae6000 	D:\WeCode\tools\CodeCheckRT-1.0.15\jre\bin\nio.dll
0x00007ff8c7560000 - 0x00007ff8c7578000 	D:\WeCode\tools\CodeCheckRT-1.0.15\jre\bin\zip.dll
0x00007ff8faa90000 - 0x00007ff8faa9a000 	D:\WeCode\tools\CodeCheckRT-1.0.15\jre\bin\management.dll
0x00007ff8e7b80000 - 0x00007ff8e7b8b000 	D:\WeCode\tools\CodeCheckRT-1.0.15\jre\bin\management_ext.dll
0x00007ff8e3030000 - 0x00007ff8e3047000 	C:\WINDOWS\system32\napinsp.dll
0x00007ff8e3090000 - 0x00007ff8e30ab000 	C:\WINDOWS\system32\pnrpnsp.dll
0x00007ff911d40000 - 0x00007ff911e38000 	C:\WINDOWS\SYSTEM32\DNSAPI.dll
0x00007ff911d10000 - 0x00007ff911d3d000 	C:\WINDOWS\SYSTEM32\IPHLPAPI.DLL
0x00007ff915100000 - 0x00007ff915109000 	C:\WINDOWS\System32\NSI.dll
0x00007ff8e3070000 - 0x00007ff8e3081000 	C:\WINDOWS\System32\winrnr.dll
0x00007ff8e3050000 - 0x00007ff8e3065000 	C:\WINDOWS\system32\wshbth.dll
0x00007ff8e30b0000 - 0x00007ff8e30d7000 	C:\WINDOWS\system32\nlansp_c.dll
0x00007ff90be60000 - 0x00007ff90be6a000 	C:\Windows\System32\rasadhlp.dll
0x00007ff90ed20000 - 0x00007ff90eda3000 	C:\WINDOWS\System32\fwpuclnt.dll
0x00007ff8e79d0000 - 0x00007ff8e79de000 	D:\WeCode\tools\CodeCheckRT-1.0.15\jre\bin\sunmscapi.dll
0x00007ff913b40000 - 0x00007ff913ca8000 	C:\WINDOWS\System32\CRYPT32.dll
0x00007ff912e10000 - 0x00007ff912e3e000 	C:\WINDOWS\SYSTEM32\ncrypt.dll
0x00007ff912dd0000 - 0x00007ff912e07000 	C:\WINDOWS\SYSTEM32\NTASN1.dll
0x00007ff912cf0000 - 0x00007ff912d0b000 	C:\WINDOWS\SYSTEM32\CRYPTSP.dll
0x00007ff9124d0000 - 0x00007ff912505000 	C:\WINDOWS\system32\rsaenh.dll
0x00007ff912aa0000 - 0x00007ff912ac8000 	C:\WINDOWS\SYSTEM32\USERENV.dll
0x00007ff912cd0000 - 0x00007ff912cdc000 	C:\WINDOWS\SYSTEM32\CRYPTBASE.dll
0x00007ff90e4e0000 - 0x00007ff90e4f9000 	C:\WINDOWS\SYSTEM32\dhcpcsvc6.DLL
0x00007ff90ddc0000 - 0x00007ff90dddf000 	C:\WINDOWS\SYSTEM32\dhcpcsvc.DLL
0x00007ff8e3700000 - 0x00007ff8e3710000 	D:\WeCode\tools\CodeCheckRT-1.0.15\jre\bin\verify.dll
0x00007ff912590000 - 0x00007ff9125c4000 	C:\WINDOWS\SYSTEM32\ntmarta.dll
0x00007ff8c6570000 - 0x00007ff8c6578000 	C:\WINDOWS\system32\wshunix.dll

dbghelp: loaded successfully - version: 4.0.5 - missing functions: none
symbol engine: initialized successfully - sym options: 0x614 - pdb path: .;D:\WeCode\tools\CodeCheckRT-1.0.15\jre\bin;C:\WINDOWS\SYSTEM32;C:\WINDOWS\WinSxS\amd64_microsoft.windows.common-controls_6595b64144ccf1df_6.0.22621.3527_none_270e469b73872a76;D:\WeCode\tools\CodeCheckRT-1.0.15\jre\bin\server

VM Arguments:
jvm_args: -Dlog4j.log.app=CodeCheckRT-1.0.15 -Dfile.encoding=utf-8 -Dlogback.configurationFile=fixbot-logback.xml -Dlog4j.configurationFile=fixbot-log4j2.xml -Duser.language=zh-cn 
java_command: D:/WeCode/tools/CodeCheckRT-1.0.15/lspServer/fixbot-server-wecode-1.0.15.jar
java_class_path (initial): D:/WeCode/tools/CodeCheckRT-1.0.15/lspServer/fixbot-server-wecode-1.0.15.jar
Launcher Type: SUN_STANDARD

[Global flags]
     intx CICompilerCount                          = 12                                        {product} {ergonomic}
     uint ConcGCThreads                            = 4                                         {product} {ergonomic}
     uint G1ConcRefinementThreads                  = 15                                        {product} {ergonomic}
   size_t G1HeapRegionSize                         = 4194304                                   {product} {ergonomic}
    uintx GCDrainStackTargetSize                   = 64                                        {product} {ergonomic}
   size_t InitialHeapSize                          = 532676608                                 {product} {ergonomic}
   size_t MarkStackSize                            = 4194304                                   {product} {ergonomic}
   size_t MaxHeapSize                              = 8514437120                                {product} {ergonomic}
   size_t MaxNewSize                               = 5108662272                                {product} {ergonomic}
   size_t MinHeapDeltaBytes                        = 4194304                                   {product} {ergonomic}
   size_t MinHeapSize                              = 8388608                                   {product} {ergonomic}
    uintx NonNMethodCodeHeapSize                   = 7602480                                {pd product} {ergonomic}
    uintx NonProfiledCodeHeapSize                  = 122027880                              {pd product} {ergonomic}
    uintx ProfiledCodeHeapSize                     = 122027880                              {pd product} {ergonomic}
    uintx ReservedCodeCacheSize                    = 251658240                              {pd product} {ergonomic}
     bool SegmentedCodeCache                       = true                                      {product} {ergonomic}
   size_t SoftMaxHeapSize                          = 8514437120                             {manageable} {ergonomic}
     bool UseCompressedClassPointers               = true                           {product lp64_product} {ergonomic}
     bool UseCompressedOops                        = true                           {product lp64_product} {ergonomic}
     bool UseG1GC                                  = true                                      {product} {ergonomic}
     bool UseLargePagesIndividualAllocation        = false                                  {pd product} {ergonomic}

Logging:
Log output configuration:
 #0: stdout all=warning uptime,level,tags
 #1: stderr all=off uptime,level,tags

Environment Variables:
PATH=C:\WINDOWS;C:\WINDOWS\system32;C:\WINDOWS\System32\Wbem;C:\WINDOWS\System32\WindowsPowerShell\v1.0;C:\Windows;C:\Windows\system32;C:\Windows\System32\Wbem;C:\Windows\System32\WindowsPowerShell\v1.0;C:\WINDOWS\System32\WindowsPowerShell\v1.0\;C:\WINDOWS\System32\OpenSSH\;D:\users\z30071866\scoop\apps\Xshell\7.0.0164r\installed\;D:\users\z30071866\scoop\apps\Xftp\7.0.0162r\installed\;C:\Program Files\CMake\bin;D:\workfiles\є§Њя\vscode\VSCode-huawei\bin;;;C:\Program Files\Git\cmd;C:\Users\z30071866\AppData\Local\Programs\Python\Python311\Scripts\;C:\Users\z30071866\AppData\Local\Programs\Python\Python311\;D:\workfiles\code\env\python\Scripts\;D:\workfiles\code\env\python\;C:\Users\z30071866\AppData\Local\Programs\Python\Launcher\;C:\Users\z30071866\AppData\Local\Microsoft\WindowsApps;D:\mingw64\bin;C:\Program Files\CMake\bin;D:\workfiles\є§Њя\PyCharm\PyCharm 2024.3.2\bin;;
USERNAME=z30071866
OS=Windows_NT
PROCESSOR_IDENTIFIER=Intel64 Family 6 Model 151 Stepping 2, GenuineIntel



---------------  S Y S T E M  ---------------

OS:
 Windows 11 , 64 bit Build 22621 (10.0.22621.3527)
OS uptime: 89 days 5:52 hours
Hyper-V role detected

CPU: total 20 (initial active 20) (10 cores per cpu, 2 threads per core) family 6 model 151 stepping 2 microcode 0x22, cx8, cmov, fxsr, ht, mmx, 3dnowpref, sse, sse2, sse3, ssse3, sse4.1, sse4.2, popcnt, lzcnt, tsc, tscinvbit, avx, avx2, aes, erms, clmul, bmi1, bmi2, adx, sha, fma, vzeroupper, clflush, clflushopt, clwb, hv

Memory: 4k page, system-wide physical 32472M (3316M free)
TotalPageFile size 58072M (AvailPageFile size 5M)
current process WorkingSet (physical memory assigned to process): 927M, peak: 927M
current process commit charge ("private bytes"): 1086M, peak: 1088M

vm_info: Java HotSpot(TM) 64-Bit Server VM (17.0.11+7-LTS-207) for windows-amd64 JRE (17.0.11+7-LTS-207), built on Mar 11 2024 19:01:50 by "mach5one" with MS VC++ 17.6 (VS2022)

END.
